<?xml version="1.0" encoding="UTF-8"?>
<testsuite name="com.raghsonline.sftp.SFTPDemoApplicationTests" tests="1" skipped="0" failures="0" errors="0" timestamp="2025-04-06T11:56:12.742Z" hostname="Raghavans-MacBook-Pro.local" time="0.359">
  <properties/>
  <testcase name="contextLoads()" classname="com.raghsonline.sftp.SFTPDemoApplicationTests" time="0.359"/>
  <system-out><![CDATA[17:26:11.938 [Test worker] INFO org.springframework.test.context.support.AnnotationConfigContextLoaderUtils -- Could not detect default configuration classes for test class [com.raghsonline.sftp.SFTPDemoApplicationTests]: SFTPDemoApplicationTests does not declare any static, non-private, non-final, nested classes annotated with @Configuration.
17:26:11.976 [Test worker] INFO org.springframework.boot.test.context.SpringBootTestContextBootstrapper -- Found @SpringBootConfiguration com.raghsonline.sftp.SFTPDemoApplication for test class com.raghsonline.sftp.SFTPDemoApplicationTests

  .   ____          _            __ _ _
 /\\ / ___'_ __ _ _(_)_ __  __ _ \ \ \ \
( ( )\___ | '_ | '_| | '_ \/ _` | \ \ \ \
 \\/  ___)| |_)| | | | | || (_| |  ) ) ) )
  '  |____| .__|_| |_|_| |_\__, | / / / /
 =========|_|==============|___/=/_/_/_/

 :: Spring Boot ::                (v3.4.4)

2025-04-06T17:26:12.127+05:30  INFO 40500 --- [115-gradle-spring-integration-sftp-demo] [    Test worker] c.r.sftp.SFTPDemoApplicationTests        : Starting SFTPDemoApplicationTests using Java 17.0.6 with PID 40500 (started by raghavan.muthu in /Users/raghavan.muthu/Documents/workspace-spring-tool-suite-4-4.28.1.RELEASE/115-gradle-spring-integration-sftp-demo)
2025-04-06T17:26:12.128+05:30  INFO 40500 --- [115-gradle-spring-integration-sftp-demo] [    Test worker] c.r.sftp.SFTPDemoApplicationTests        : No active profile set, falling back to 1 default profile: "default"
2025-04-06T17:26:12.330+05:30  INFO 40500 --- [115-gradle-spring-integration-sftp-demo] [    Test worker] faultConfiguringBeanFactoryPostProcessor : No bean named 'errorChannel' has been explicitly defined. Therefore, a default PublishSubscribeChannel will be created.
2025-04-06T17:26:12.333+05:30  INFO 40500 --- [115-gradle-spring-integration-sftp-demo] [    Test worker] faultConfiguringBeanFactoryPostProcessor : No bean named 'integrationHeaderChannelRegistry' has been explicitly defined. Therefore, a default DefaultHeaderChannelRegistry will be created.
2025-04-06T17:26:12.436+05:30  INFO 40500 --- [115-gradle-spring-integration-sftp-demo] [    Test worker] c.r.sftp.config.SFTPProperties           : postConstruct - sanitizePaths() invoked
2025-04-06T17:26:12.436+05:30  INFO 40500 --- [115-gradle-spring-integration-sftp-demo] [    Test worker] c.r.sftp.config.SFTPProperties           : localDir - []
2025-04-06T17:26:12.436+05:30  INFO 40500 --- [115-gradle-spring-integration-sftp-demo] [    Test worker] c.r.sftp.config.SFTPProperties           : after trimming, localDir - []
2025-04-06T17:26:12.437+05:30  INFO 40500 --- [115-gradle-spring-integration-sftp-demo] [    Test worker] c.r.sftp.config.SFTPProperties           : remoteDir - []
2025-04-06T17:26:12.437+05:30  INFO 40500 --- [115-gradle-spring-integration-sftp-demo] [    Test worker] c.r.sftp.config.SFTPProperties           : after trimming, remoteDir - []
2025-04-06T17:26:12.486+05:30  INFO 40500 --- [115-gradle-spring-integration-sftp-demo] [    Test worker] c.raghsonline.sftp.service.SFTPService   : postConstruct - sanitizePaths() invoked
2025-04-06T17:26:12.486+05:30  INFO 40500 --- [115-gradle-spring-integration-sftp-demo] [    Test worker] c.raghsonline.sftp.service.SFTPService   : localDir - []
2025-04-06T17:26:12.486+05:30  INFO 40500 --- [115-gradle-spring-integration-sftp-demo] [    Test worker] c.raghsonline.sftp.service.SFTPService   : after trimming, localDir - []
2025-04-06T17:26:12.486+05:30  INFO 40500 --- [115-gradle-spring-integration-sftp-demo] [    Test worker] c.raghsonline.sftp.service.SFTPService   : remoteDir - []
2025-04-06T17:26:12.486+05:30  INFO 40500 --- [115-gradle-spring-integration-sftp-demo] [    Test worker] c.raghsonline.sftp.service.SFTPService   : after trimming, remoteDir - []
2025-04-06T17:26:12.727+05:30  INFO 40500 --- [115-gradle-spring-integration-sftp-demo] [    Test worker] o.s.i.endpoint.EventDrivenConsumer       : Adding {logging-channel-adapter:_org.springframework.integration.errorLogger} as a subscriber to the 'errorChannel' channel
2025-04-06T17:26:12.727+05:30  INFO 40500 --- [115-gradle-spring-integration-sftp-demo] [    Test worker] o.s.i.channel.PublishSubscribeChannel    : Channel '115-gradle-spring-integration-sftp-demo.errorChannel' has 1 subscriber(s).
2025-04-06T17:26:12.727+05:30  INFO 40500 --- [115-gradle-spring-integration-sftp-demo] [    Test worker] o.s.i.endpoint.EventDrivenConsumer       : started bean '_org.springframework.integration.errorLogger'
2025-04-06T17:26:12.737+05:30  INFO 40500 --- [115-gradle-spring-integration-sftp-demo] [    Test worker] c.r.sftp.SFTPDemoApplicationTests        : Started SFTPDemoApplicationTests in 0.705 seconds (process running for 1.109)
]]></system-out>
  <system-err><![CDATA[]]></system-err>
</testsuite>
